[2023/7/26 - 20:35:35] Jey_Bee da vut None (Amount: 0)
[2023/7/26 - 21:08:51] Jey_Bee da vut None (Amount: 18)
[2023/7/27 - 11:51:39] Jey_Bee da vut CCCD (Amount: 10)
[2023/7/27 - 11:59:30] Jey_Bee da vut Sung AK47 (Amount: 10)
[2023/7/27 - 11:59:32] Jey_Bee da vut CCCD (Amount: 10)
[2023/7/27 - 11:59:46] Jey_Bee da vut Sprite (Amount: 7)
[2023/7/27 - 12:00:40] Jey_Bee da vut None (Amount: 0)
[2023/7/27 - 12:00:47] Jey_Bee da vut CCCD (Amount: 10)
[2023/7/27 - 12:00:50] Jey_Bee da vut None (Amount: 0)
[2023/7/27 - 12:00:51] Jey_Bee da vut CCCD (Amount: 10)
[2023/7/27 - 12:00:53] Jey_Bee da vut CCCD (Amount: 10)
[2023/7/27 - 12:00:57] Jey_Bee da vut Sung 9MM (Amount: 10)
[2023/7/27 - 12:01:00] Jey_Bee da vut None (Amount: 0)
[2023/7/27 - 12:01:04] Jey_Bee da vut CCCD (Amount: 10)
[2023/7/27 - 12:29:06] Jey_Bee da vut CCCD (Amount: 10)
[2023/7/27 - 12:29:10] Jey_Bee da vut CCCD (Amount: 10)
[2023/7/27 - 12:29:12] Jey_Bee da vut CCCD (Amount: 10)
[2023/7/27 - 12:29:13] Jey_Bee da vut None (Amount: 0)
[2023/7/27 - 12:29:15] Jey_Bee da vut None (Amount: 0)
[2023/7/27 - 12:29:17] Jey_Bee da vut CCCD (Amount: 10)
[2023/7/27 - 12:29:21] Jey_Bee da vut Sung AK47 (Amount: 10)
[2023/7/27 - 12:29:25] Jey_Bee da vut CCCD (Amount: 10)
[2023/7/27 - 12:29:28] Jey_Bee da vut CCCD (Amount: 10)
[2023/7/27 - 12:29:31] Jey_Bee da vut CCCD (Amount: 10)
[2023/7/27 - 12:29:38] Jey_Bee da vut None (Amount: 0)
[2023/7/27 - 12:29:41] Jey_Bee da vut None (Amount: 0)
[2023/7/27 - 12:29:42] Jey_Bee da vut CCCD (Amount: 10)
[2023/7/27 - 12:29:43] Jey_Bee da vut None (Amount: 0)
[2023/7/27 - 12:29:45] Jey_Bee da vut None (Amount: 0)
[2023/7/27 - 12:29:46] Jey_Bee da vut CCCD (Amount: 10)
[2023/7/27 - 12:29:48] Jey_Bee da vut None (Amount: 0)
[2023/7/27 - 12:29:49] Jey_Bee da vut None (Amount: 0)
[2023/7/27 - 12:29:50] Jey_Bee da vut None (Amount: 0)
[2023/7/27 - 12:29:51] Jey_Bee da vut None (Amount: 0)
[2023/7/27 - 12:29:52] Jey_Bee da vut None (Amount: 0)
[2023/7/27 - 12:29:53] Jey_Bee da vut None (Amount: 0)
[2023/7/27 - 12:29:54] Jey_Bee da vut None (Amount: 0)
[2023/7/27 - 12:29:56] Jey_Bee da vut None (Amount: 0)
[2023/7/27 - 12:29:58] Jey_Bee da vut CCCD (Amount: 10)
[2023/7/27 - 12:29:59] Jey_Bee da vut CCCD (Amount: 10)
[2023/7/27 - 12:30:00] Jey_Bee da vut None (Amount: 0)
[2023/7/27 - 12:30:01] Jey_Bee da vut CCCD (Amount: 10)
[2023/7/27 - 12:30:03] Jey_Bee da vut None (Amount: 0)
[2023/7/27 - 12:30:04] Jey_Bee da vut None (Amount: 0)
[2023/7/27 - 12:30:05] Jey_Bee da vut None (Amount: 0)
[2023/7/27 - 12:30:06] Jey_Bee da vut None (Amount: 0)
[2023/7/27 - 12:30:07] Jey_Bee da vut None (Amount: 0)
[2023/7/27 - 12:30:09] Jey_Bee da vut None (Amount: 0)
[2023/7/27 - 12:36:07] Jey_Bee da vut Nuoc Loc (Amount: 5)
[2023/7/27 - 12:36:09] Jey_Bee da vut Sprite (Amount: 7)
[2023/7/27 - 12:36:13] Jey_Bee da vut Nuoc Loc (Amount: 5)
[2023/7/27 - 12:36:18] Jey_Bee da vut Counpon 10 (Amount: 10)
[2023/7/27 - 12:43:14] Jey_Bee da vut None (Amount: 0)
[2023/7/27 - 12:43:17] Jey_Bee da vut Sung 9MM (Amount: 1)
[2023/7/27 - 12:48:46] Jey_Bee da vut Sung 9MM (Amount: 10)
[2023/7/27 - 12:48:49] Jey_Bee da vut None (Amount: 0)
[2023/7/27 - 12:48:51] Jey_Bee da vut None (Amount: 0)
[2023/7/27 - 12:48:54] Jey_Bee da vut Sung AK47 (Amount: 10)
[2023/7/27 - 12:48:57] Jey_Bee da vut None (Amount: 0)
[2023/7/27 - 12:48:59] Jey_Bee da vut None (Amount: 0)
[2023/7/27 - 12:49:01] Jey_Bee da vut Sung Spas (Amount: 10)
[2023/7/27 - 12:49:04] Jey_Bee da vut Nuoc Loc (Amount: 10)
[2023/7/27 - 12:49:05] Jey_Bee da vut None (Amount: 0)
[2023/7/27 - 12:49:08] Jey_Bee da vut Counpon 15 (Amount: 10)
[2023/7/27 - 12:49:13] Jey_Bee da vut Sung Uzi (Amount: 10)
[2023/7/27 - 12:49:16] Jey_Bee da vut Sung MP5 (Amount: 10)
[2023/7/27 - 12:49:21] Jey_Bee da vut Sung DE (Amount: 10)
[2023/7/27 - 12:49:24] Jey_Bee da vut None (Amount: 0)
[2023/7/27 - 12:49:28] Jey_Bee da vut None (Amount: 0)
[2023/7/27 - 12:49:30] Jey_Bee da vut None (Amount: 0)
[2023/7/27 - 12:49:35] Jey_Bee da vut None (Amount: 0)
[2023/7/27 - 12:49:38] Jey_Bee da vut None (Amount: 0)
[2023/7/27 - 12:49:40] Jey_Bee da vut None (Amount: 0)
[2023/7/27 - 12:49:41] Jey_Bee da vut None (Amount: 0)
[2023/7/27 - 12:49:44] Jey_Bee da vut Sung Tec9 (Amount: 10)
[2023/7/27 - 12:49:46] Jey_Bee da vut None (Amount: 0)
[2023/7/27 - 12:51:28] Jey_Bee da vut Sung 9MM (Amount: 10)
[2023/7/27 - 12:51:31] Jey_Bee da vut None (Amount: 0)
[2023/7/27 - 12:51:33] Jey_Bee da vut None (Amount: 0)
[2023/7/27 - 12:51:40] Jey_Bee da vut None (Amount: 0)
[2023/7/27 - 12:51:42] Jey_Bee da vut None (Amount: 0)
[2023/7/27 - 12:51:43] Jey_Bee da vut None (Amount: 0)
[2023/7/27 - 12:51:44] Jey_Bee da vut None (Amount: 0)
[2023/7/27 - 12:51:45] Jey_Bee da vut None (Amount: 0)
[2023/7/27 - 12:51:46] Jey_Bee da vut None (Amount: 0)
[2023/7/27 - 12:51:48] Jey_Bee da vut None (Amount: 0)
[2023/7/27 - 12:51:50] Jey_Bee da vut None (Amount: 0)
[2023/7/27 - 12:51:52] Jey_Bee da vut None (Amount: 0)
[2023/7/27 - 12:51:53] Jey_Bee da vut None (Amount: 0)
[2023/7/27 - 12:51:54] Jey_Bee da vut None (Amount: 0)
[2023/7/27 - 12:51:56] Jey_Bee da vut None (Amount: 0)
[2023/7/27 - 12:51:57] Jey_Bee da vut None (Amount: 0)
[2023/7/27 - 12:52:00] Jey_Bee da vut None (Amount: 0)
[2023/7/27 - 12:52:01] Jey_Bee da vut None (Amount: 0)
[2023/7/27 - 12:59:55] Jey_Bee da vut Sung AK47 (Amount: 10)
[2023/7/27 - 12:59:57] Jey_Bee da vut None (Amount: 0)
[2023/7/27 - 13:00:00] Jey_Bee da vut None (Amount: 0)
[2023/7/27 - 13:00:02] Jey_Bee da vut None (Amount: 0)
[2023/7/27 - 13:00:04] Jey_Bee da vut None (Amount: 0)
[2023/7/27 - 13:00:05] Jey_Bee da vut None (Amount: 0)
[2023/7/27 - 13:00:05] Jey_Bee da vut None (Amount: 0)
[2023/7/27 - 13:00:05] Jey_Bee da vut None (Amount: 0)
[2023/7/27 - 13:00:06] Jey_Bee da vut None (Amount: 0)
[2023/7/27 - 13:00:06] Jey_Bee da vut None (Amount: 0)
[2023/7/27 - 13:00:07] Jey_Bee da vut None (Amount: 0)
[2023/7/27 - 13:00:07] Jey_Bee da vut None (Amount: 0)
[2023/7/27 - 13:00:07] Jey_Bee da vut None (Amount: 0)
[2023/7/27 - 13:00:12] Jey_Bee da vut None (Amount: 0)
[2023/7/27 - 13:00:24] Jey_Bee da vut None (Amount: 0)
[2023/7/27 - 13:00:25] Jey_Bee da vut None (Amount: 0)
[2023/7/27 - 13:00:25] Jey_Bee da vut None (Amount: 0)
[2023/7/27 - 13:00:26] Jey_Bee da vut None (Amount: 0)
[2023/7/27 - 13:00:26] Jey_Bee da vut None (Amount: 0)
[2023/7/27 - 13:00:26] Jey_Bee da vut None (Amount: 0)
[2023/7/27 - 13:01:36] Jey_Bee da vut Sung MP5 (Amount: 10)
[2023/7/27 - 13:01:38] Jey_Bee da vut Sung M4 (Amount: 10)
[2023/7/27 - 13:01:41] Jey_Bee da vut Sung Shotgun (Amount: 10)
[2023/7/27 - 13:01:43] Jey_Bee da vut Sung Shotgun (Amount: 10)
[2023/7/27 - 13:01:46] Jey_Bee da vut Sung Uzi (Amount: 10)
[2023/7/27 - 13:01:51] Jey_Bee da vut Sung MP5 (Amount: 10)
[2023/7/27 - 13:01:57] Jey_Bee da vut Sung DE (Amount: 10)
[2023/7/27 - 13:02:01] Jey_Bee da vut Coca (Amount: 10)
[2023/7/27 - 13:02:06] Jey_Bee da vut Pepper (Amount: 10)
[2023/7/27 - 13:02:09] Jey_Bee da vut Tien Ban (Amount: 10)
[2023/7/27 - 13:03:17] Jey_Bee da vut Prime (Amount: 10)
[2023/7/27 - 13:03:19] Jey_Bee da vut Driver License (Amount: 10)
[2023/7/27 - 13:03:22] Jey_Bee da vut CCCD (Amount: 10)
[2023/7/27 - 13:03:24] Jey_Bee da vut Sawnoff Shotgun (Amount: 10)
[2023/7/27 - 13:03:27] Jey_Bee da vut None (Amount: 0)
[2023/7/27 - 13:03:30] Jey_Bee da vut Sinper Rifle (Amount: 10)
[2023/7/27 - 13:03:32] Jey_Bee da vut None (Amount: 0)
[2023/7/27 - 13:03:33] Jey_Bee da vut Counpon 10 (Amount: 10)
[2023/7/27 - 13:03:34] Jey_Bee da vut Counpon 10 (Amount: 10)
[2023/7/27 - 13:03:36] Jey_Bee da vut Counpon 15 (Amount: 10)
[2023/7/27 - 13:03:37] Jey_Bee da vut Nuoc Loc (Amount: 10)
[2023/7/27 - 13:05:16] Jey_Bee da vut Counpon 15 (Amount: 10)
[2023/7/27 - 13:06:06] Jey_Bee da vut Tien Ban (Amount: 10)
[2023/7/27 - 13:06:34] Jey_Bee da vut Sawnoff Shotgun (Amount: 10)
[2023/7/27 - 13:06:37] Jey_Bee da vut None (Amount: 0)
[2023/7/27 - 13:06:38] Jey_Bee da vut None (Amount: 0)
[2023/7/27 - 13:06:40] Jey_Bee da vut None (Amount: 0)
[2023/7/27 - 19:05:44] Jey_Bee da vut Counpon 10 (Amount: 10)
[2023/7/27 - 19:05:50] Jey_Bee da vut Driver License (Amount: 10)
[2023/7/27 - 19:05:55] Jey_Bee da vut Coca (Amount: 10)
[2023/7/27 - 19:06:01] Jey_Bee da vut CCCD (Amount: 10)
[2023/7/27 - 19:07:30] Jey_Bee da vut Tien Ban (Amount: 10)
[2023/7/27 - 19:07:41] Jey_Bee da vut Sawnoff Shotgun (Amount: 10)
[2023/7/27 - 19:07:51] Jey_Bee da vut Sung Tec9 (Amount: 10)
[2023/7/27 - 19:07:57] Jey_Bee da vut Pepper (Amount: 10)
[2023/7/27 - 19:08:02] Jey_Bee da vut None (Amount: 0)
[2023/7/27 - 19:09:10] Jey_Bee da vut Counpon 10 (Amount: 10)
[2023/7/27 - 19:10:32] Jey_Bee da vut Sung AK47 (Amount: 10)
[2023/7/27 - 19:10:38] Jey_Bee da vut Sung MP5 (Amount: 10)
[2023/7/27 - 19:10:45] Jey_Bee da vut Sung Shotgun (Amount: 10)
[2023/7/27 - 19:11:18] Jey_Bee da vut Nuoc Loc (Amount: 10)
[2023/7/27 - 19:13:00] Jey_Bee da vut Sung M4 (Amount: 10)
[2023/7/27 - 19:13:09] Jey_Bee da vut Weapon License (Amount: 10)
[2023/7/27 - 19:13:14] Jey_Bee da vut Sung Uzi (Amount: 10)
[2023/7/27 - 19:13:18] Jey_Bee da vut Counpon 15 (Amount: 10)
[2023/7/27 - 19:35:00] Jey_Bee da vut Sung Spas (Amount: 10)
[2023/7/27 - 19:43:04] Jey_Bee da vut Sung Uzi (Amount: 10)
[2023/7/27 - 19:43:11] Jey_Bee da vut Sinper Rifle (Amount: 10)
[2023/7/30 - 20:54:02] Jey_Bee da vut Sung Tec9 (Amount: 10)
[2023/7/30 - 20:54:46] Jey_Bee da vut Pepper (Amount: 1)
[2023/7/30 - 20:54:50] Jey_Bee da vut Sawnoff Shotgun (Amount: 10)
