----------------------------------------
Ngay: 7/29/2023 - Thoi gian: 13:0
(1) : 0
(2) None: 0
(3) None: 0
(4) The Biker Man: 0
(5) Andrew Team: 0
(6) None: 0
(7) *Yakuza Street*: 0
(8) {F7} The-Los SanTos {F7}: 0
(9) None: 0
(10) None: 0
(11) None: 0
(12) [Club] 69: 0
(13) «Nam.Hoang.Muon.Nam»: 0
(14) None: 0
(15) *Hoi Hoc Sinh*: 0
(16) None: 0
(17) Belden Heights GangZ.: 0
----------------------------------------
Ngay: 7/29/2023 - Thoi gian: 17:54
(1) : 0
(2) None: 0
(3) None: 0
(4) The Biker Man: 0
(5) Andrew Team: 0
(6) None: 0
(7) *Yakuza Street*: 0
(8) {F7} The-Los SanTos {F7}: 0
(9) None: 0
(10) None: 0
(11) None: 0
(12) [Club] 69: 0
(13) «Nam.Hoang.Muon.Nam»: 0
(14) None: 0
(15) *Hoi Hoc Sinh*: 0
(16) None: 0
(17) Belden Heights GangZ.: 0
----------------------------------------
Ngay: 7/29/2023 - Thoi gian: 18:0
(1) : 0
(2) None: 0
(3) None: 0
(4) The Biker Man: 0
(5) Andrew Team: 0
(6) None: 0
(7) *Yakuza Street*: 0
(8) {F7} The-Los SanTos {F7}: 0
(9) None: 0
(10) None: 0
(11) None: 0
(12) [Club] 69: 0
(13) «Nam.Hoang.Muon.Nam»: 0
(14) None: 0
(15) *Hoi Hoc Sinh*: 0
(16) None: 0
(17) Belden Heights GangZ.: 0
----------------------------------------
Ngay: 7/29/2023 - Thoi gian: 19:0
(1) : 0
(2) None: 0
(3) None: 0
(4) The Biker Man: 0
(5) Andrew Team: 0
(6) None: 0
(7) *Yakuza Street*: 0
(8) {F7} The-Los SanTos {F7}: 0
(9) None: 0
(10) None: 0
(11) None: 0
(12) [Club] 69: 0
(13) «Nam.Hoang.Muon.Nam»: 0
(14) None: 0
(15) *Hoi Hoc Sinh*: 0
(16) None: 0
(17) Belden Heights GangZ.: 0
----------------------------------------
Ngay: 7/29/2023 - Thoi gian: 20:14
(1) : 0
(2) None: 0
(3) None: 0
(4) The Biker Man: 0
(5) Andrew Team: 0
(6) None: 0
(7) *Yakuza Street*: 0
(8) {F7} The-Los SanTos {F7}: 0
(9) None: 0
(10) None: 0
(11) None: 0
(12) [Club] 69: 0
(13) «Nam.Hoang.Muon.Nam»: 0
(14) None: 0
(15) *Hoi Hoc Sinh*: 0
(16) None: 0
(17) Belden Heights GangZ.: 0
----------------------------------------
Ngay: 7/29/2023 - Thoi gian: 21:20
(1) : 0
(2) None: 0
(3) None: 0
(4) The Biker Man: 0
(5) Andrew Team: 0
(6) None: 0
(7) *Yakuza Street*: 0
(8) {F7} The-Los SanTos {F7}: 0
(9) None: 0
(10) None: 0
(11) None: 0
(12) [Club] 69: 0
(13) «Nam.Hoang.Muon.Nam»: 0
(14) None: 0
(15) *Hoi Hoc Sinh*: 0
(16) None: 0
(17) Belden Heights GangZ.: 0
----------------------------------------
Ngay: 7/29/2023 - Thoi gian: 23:0
(1) : 0
(2) None: 0
(3) None: 0
(4) The Biker Man: 0
(5) Andrew Team: 0
(6) None: 0
(7) *Yakuza Street*: 0
(8) {F7} The-Los SanTos {F7}: 0
(9) None: 0
(10) None: 0
(11) None: 0
(12) [Club] 69: 0
(13) «Nam.Hoang.Muon.Nam»: 0
(14) None: 0
(15) *Hoi Hoc Sinh*: 0
(16) None: 0
(17) Belden Heights GangZ.: 0
----------------------------------------
Ngay: 7/30/2023 - Thoi gian: 14:1
(1) : 0
(2) None: 0
(3) None: 0
(4) The Biker Man: 0
(5) Andrew Team: 0
(6) None: 0
(7) *Yakuza Street*: 0
(8) {F7} The-Los SanTos {F7}: 0
(9) None: 0
(10) None: 0
(11) None: 0
(12) [Club] 69: 0
(13) «Nam.Hoang.Muon.Nam»: 0
(14) None: 0
(15) *Hoi Hoc Sinh*: 0
(16) None: 0
(17) Belden Heights GangZ.: 0
----------------------------------------
Ngay: 7/30/2023 - Thoi gian: 17:57
(1) : 0
(2) None: 0
(3) None: 0
(4) The Biker Man: 0
(5) Andrew Team: 0
(6) None: 0
(7) *Yakuza Street*: 0
(8) {F7} The-Los SanTos {F7}: 0
(9) None: 0
(10) None: 0
(11) None: 0
(12) [Club] 69: 0
(13) «Nam.Hoang.Muon.Nam»: 0
(14) None: 0
(15) *Hoi Hoc Sinh*: 0
(16) None: 0
(17) Belden Heights GangZ.: 0
----------------------------------------
Ngay: 7/30/2023 - Thoi gian: 18:0
(1) : 0
(2) None: 0
(3) None: 0
(4) The Biker Man: 0
(5) Andrew Team: 0
(6) None: 0
(7) *Yakuza Street*: 0
(8) {F7} The-Los SanTos {F7}: 0
(9) None: 0
(10) None: 0
(11) None: 0
(12) [Club] 69: 0
(13) «Nam.Hoang.Muon.Nam»: 0
(14) None: 0
(15) *Hoi Hoc Sinh*: 0
(16) None: 0
(17) Belden Heights GangZ.: 0
----------------------------------------
Ngay: 7/30/2023 - Thoi gian: 19:0
(1) : 0
(2) None: 0
(3) None: 0
(4) The Biker Man: 0
(5) Andrew Team: 0
(6) None: 0
(7) *Yakuza Street*: 0
(8) {F7} The-Los SanTos {F7}: 0
(9) None: 0
(10) None: 0
(11) None: 0
(12) [Club] 69: 0
(13) «Nam.Hoang.Muon.Nam»: 0
(14) None: 0
(15) *Hoi Hoc Sinh*: 0
(16) None: 0
(17) Belden Heights GangZ.: 0
----------------------------------------
Ngay: 7/30/2023 - Thoi gian: 20:0
(1) : 0
(2) None: 0
(3) None: 0
(4) The Biker Man: 0
(5) Andrew Team: 0
(6) None: 0
(7) *Yakuza Street*: 0
(8) {F7} The-Los SanTos {F7}: 0
(9) None: 0
(10) None: 0
(11) None: 0
(12) [Club] 69: 0
(13) «Nam.Hoang.Muon.Nam»: 0
(14) None: 0
(15) *Hoi Hoc Sinh*: 0
(16) None: 0
(17) Belden Heights GangZ.: 0
----------------------------------------
Ngay: 7/30/2023 - Thoi gian: 21:0
(1) : 0
(2) None: 0
(3) None: 0
(4) The Biker Man: 0
(5) Andrew Team: 0
(6) None: 0
(7) *Yakuza Street*: 0
(8) {F7} The-Los SanTos {F7}: 0
(9) None: 0
(10) None: 0
(11) None: 0
(12) [Club] 69: 0
(13) «Nam.Hoang.Muon.Nam»: 0
(14) None: 0
(15) *Hoi Hoc Sinh*: 0
(16) None: 0
(17) Belden Heights GangZ.: 0
----------------------------------------
Ngay: 7/31/2023 - Thoi gian: 13:0
(1) : 0
(2) None: 0
(3) None: 0
(4) The Biker Man: 0
(5) Andrew Team: 0
(6) None: 0
(7) *Yakuza Street*: 0
(8) {F7} The-Los SanTos {F7}: 0
(9) None: 0
(10) None: 0
(11) None: 0
(12) [Club] 69: 0
(13) «Nam.Hoang.Muon.Nam»: 0
(14) None: 0
(15) *Hoi Hoc Sinh*: 0
(16) None: 0
(17) Belden Heights GangZ.: 0
----------------------------------------
Ngay: 7/31/2023 - Thoi gian: 14:7
(1) : 0
(2) None: 0
(3) None: 0
(4) The Biker Man: 0
(5) Andrew Team: 0
(6) None: 0
(7) *Yakuza Street*: 0
(8) {F7} The-Los SanTos {F7}: 0
(9) None: 0
(10) None: 0
(11) None: 0
(12) [Club] 69: 0
(13) «Nam.Hoang.Muon.Nam»: 0
(14) None: 0
(15) *Hoi Hoc Sinh*: 0
(16) None: 0
(17) Belden Heights GangZ.: 0
----------------------------------------
Ngay: 7/31/2023 - Thoi gian: 17:59
(1) : 0
(2) None: 0
(3) None: 0
(4) The Biker Man: 0
(5) Andrew Team: 0
(6) None: 0
(7) *Yakuza Street*: 0
(8) {F7} The-Los SanTos {F7}: 0
(9) None: 0
(10) None: 0
(11) None: 0
(12) [Club] 69: 0
(13) «Nam.Hoang.Muon.Nam»: 0
(14) None: 0
(15) *Hoi Hoc Sinh*: 0
(16) None: 0
(17) Belden Heights GangZ.: 0
----------------------------------------
Ngay: 7/31/2023 - Thoi gian: 18:0
(1) : 0
(2) None: 0
(3) None: 0
(4) The Biker Man: 0
(5) Andrew Team: 0
(6) None: 0
(7) *Yakuza Street*: 0
(8) {F7} The-Los SanTos {F7}: 0
(9) None: 0
(10) None: 0
(11) None: 0
(12) [Club] 69: 0
(13) «Nam.Hoang.Muon.Nam»: 0
(14) None: 0
(15) *Hoi Hoc Sinh*: 0
(16) None: 0
(17) Belden Heights GangZ.: 0
----------------------------------------
Ngay: 7/31/2023 - Thoi gian: 19:0
(1) : 0
(2) None: 0
(3) None: 0
(4) The Biker Man: 0
(5) Andrew Team: 0
(6) None: 0
(7) *Yakuza Street*: 0
(8) {F7} The-Los SanTos {F7}: 0
(9) None: 0
(10) None: 0
(11) None: 0
(12) [Club] 69: 0
(13) «Nam.Hoang.Muon.Nam»: 0
(14) None: 0
(15) *Hoi Hoc Sinh*: 0
(16) None: 0
(17) Belden Heights GangZ.: 0
----------------------------------------
Ngay: 7/31/2023 - Thoi gian: 20:2
(1) : 0
(2) None: 0
(3) None: 0
(4) The Biker Man: 0
(5) Andrew Team: 0
(6) None: 0
(7) *Yakuza Street*: 0
(8) {F7} The-Los SanTos {F7}: 0
(9) None: 0
(10) None: 0
(11) None: 0
(12) [Club] 69: 0
(13) «Nam.Hoang.Muon.Nam»: 0
(14) None: 0
(15) *Hoi Hoc Sinh*: 0
(16) None: 0
(17) Belden Heights GangZ.: 0
----------------------------------------
Ngay: 7/31/2023 - Thoi gian: 21:25
(1) : 0
(2) None: 0
(3) None: 0
(4) The Biker Man: 0
(5) Andrew Team: 0
(6) None: 0
(7) *Yakuza Street*: 0
(8) {F7} The-Los SanTos {F7}: 0
(9) None: 0
(10) None: 0
(11) None: 0
(12) [Club] 69: 0
(13) «Nam.Hoang.Muon.Nam»: 0
(14) None: 0
(15) *Hoi Hoc Sinh*: 0
(16) None: 0
(17) Belden Heights GangZ.: 0
